アコースティックピアノ
ブライトピアノ
エレクトリック・グランドピアノ
ホンキートンクピアノ
エレクトリックピアノ
FMエレクトリックピアノ
ハープシコード
クラビネット
チェレスタ
グロッケンシュピール
オルゴール
ヴィブラフォン
マリンバ
シロフォン
チューブラーベル
ダルシマー
ドローバーオルガン
パーカッシブオルガン
ロックオルガン
チャーチオルガン
リードオルガン
アコーディオン
ハーモニカ
タンゴアコーディオン
アコースティックギター (ナイロン弦)
アコースティックギター (スチール弦)
ジャズギター
クリーンギター
ミュートギター
オーバードライブギター
ディストーションギター
ギターハーモニクス
アコースティックベース
フィンガー・ベース
ピック・ベース
フレットレスベース
スラップベース 1
スラップベース 2
シンセベース 1
シンセベース 2
ヴァイオリン
ヴィオラ
チェロ
コントラバス
トレモロ
ピッチカート
ハープ
ティンパニ
ストリングアンサンブル
スローストリングアンサンブル
シンセストリングス
シンセストリングス2
声「アー」
声「ドゥー」
シンセヴォイス
オーケストラヒット
トランペット
トロンボーン
チューバ
ミュートトランペット
フレンチ・ホルン
ブラスセクション
シンセブラス 1
シンセブラス 2
ソプラノサックス
アルトサックス
テナーサックス
バリトンサックス
オーボエ
イングリッシュホルン
ファゴット
クラリネット
ピッコロ
フルート
リコーダー
パンフルート
ブロウンボトル (吹きガラス瓶)
尺八
口笛
オカリナ
正方波
ノコギリ波
カリオペリード
チフリード
チャランゴリード
声リード
フィフスズリード
ベース + リード
ファンタジア
ウォーム
ポリシンセ
クワイア
ボウ
メタリック
ハロー
スウィープ
雨
サウンドトラック
クリスタル
アトモスフィア
ブライトネス
ゴブリン
エコー
サイファイ
シタール
バンジョー
三味線
琴
カリンバ
バグパイプ
フィドル
シャハナーイ
ティンクルベル
アゴゴ
スチールドラム
ウッドブロック
太鼓
メロディックタム
シンセドラム
逆シンバル
ギターフレットノイズ
ブレスノイズ
海岸
鳥の囀り
電話のベル
ヘリコプター
拍手
銃声
